Using pre-set license
Built from '2022.2/staging' branch; Version is '2022.2.11f1 (621cd60d08fd) revision 6429910'; Using compiler version '192829333'; Build Type 'Release'
OS: 'Windows 11  (10.0.22621) 64bit Core' Language: 'en' Physical Memory: 16052 MB
BatchMode: 1, IsHumanControllingUs: 0, StartBugReporterOnCrash: 0, Is64bit: 1, IsPro: 1

COMMAND LINE ARGUMENTS:
C:\Program Files\Unity\Hub\Editor\2022.2.11f1\Editor\Unity.exe
-adb2
-batchMode
-noUpm
-name
AssetImportWorker0
-projectPath
C:/Users/elibo/Projects/elilearning/Mission Capstone
-logFile
Logs/AssetImportWorker0.log
-srvPort
50369
Successfully changed project path to: C:/Users/elibo/Projects/elilearning/Mission Capstone
C:/Users/elibo/Projects/elilearning/Mission Capstone
[UnityMemory] Configuration Parameters - Can be set up in boot.config
    "memorysetup-bucket-allocator-granularity=16"
    "memorysetup-bucket-allocator-bucket-count=8"
    "memorysetup-bucket-allocator-block-size=33554432"
    "memorysetup-bucket-allocator-block-count=8"
    "memorysetup-main-allocator-block-size=16777216"
    "memorysetup-thread-allocator-block-size=16777216"
    "memorysetup-gfx-main-allocator-block-size=16777216"
    "memorysetup-gfx-thread-allocator-block-size=16777216"
    "memorysetup-cache-allocator-block-size=4194304"
    "memorysetup-typetree-allocator-block-size=2097152"
    "memorysetup-profiler-bucket-allocator-granularity=16"
    "memorysetup-profiler-bucket-allocator-bucket-count=8"
    "memorysetup-profiler-bucket-allocator-block-size=33554432"
    "memorysetup-profiler-bucket-allocator-block-count=8"
    "memorysetup-profiler-allocator-block-size=16777216"
    "memorysetup-profiler-editor-allocator-block-size=1048576"
    "memorysetup-temp-allocator-size-main=16777216"
    "memorysetup-job-temp-allocator-block-size=2097152"
    "memorysetup-job-temp-allocator-block-size-background=1048576"
    "memorysetup-job-temp-allocator-reduction-small-platforms=262144"
    "memorysetup-temp-allocator-size-background-worker=32768"
    "memorysetup-temp-allocator-size-job-worker=262144"
    "memorysetup-temp-allocator-size-preload-manager=33554432"
    "memorysetup-temp-allocator-size-nav-mesh-worker=65536"
    "memorysetup-temp-allocator-size-audio-worker=65536"
    "memorysetup-temp-allocator-size-cloud-worker=32768"
    "memorysetup-temp-allocator-size-gi-baking-worker=262144"
    "memorysetup-temp-allocator-size-gfx=262144"
Player connection [18920] Host "[IP] 192.168.1.86 [Port] 0 [Flags] 2 [Guid] 2951312380 [EditorId] 2951312380 [Version] 1048832 [Id] WindowsEditor(7,elislaptop) [Debug] 1 [PackageName] WindowsEditor [ProjectName] Editor" joined multi-casting on [225.0.0.222:54997]...

Player connection [18920] Host "[IP] 192.168.1.86 [Port] 0 [Flags] 2 [Guid] 2951312380 [EditorId] 2951312380 [Version] 1048832 [Id] WindowsEditor(7,elislaptop) [Debug] 1 [PackageName] WindowsEditor [ProjectName] Editor" joined alternative multi-casting on [225.0.0.222:34997]...

Refreshing native plugins compatible for Editor in 11.15 ms, found 3 plugins.
Preloading 0 native plugins for Editor in 0.00 ms.
Initialize engine version: 2022.2.11f1 (621cd60d08fd)
[Subsystems] Discovering subsystems at path C:/Program Files/Unity/Hub/Editor/2022.2.11f1/Editor/Data/Resources/UnitySubsystems
[Subsystems] Discovering subsystems at path C:/Users/elibo/Projects/elilearning/Mission Capstone/Assets
GfxDevice: creating device client; threaded=0; jobified=0
Direct3D:
    Version:  Direct3D 11.0 [level 11.1]
    Renderer: NVIDIA GeForce MX550 (ID=0x1f9f)
    Vendor:   NVIDIA
    VRAM:     1919 MB
    Driver:   31.0.15.3168
Initialize mono
Mono path[0] = 'C:/Program Files/Unity/Hub/Editor/2022.2.11f1/Editor/Data/Managed'
Mono path[1] = 'C:/Program Files/Unity/Hub/Editor/2022.2.11f1/Editor/Data/MonoBleedingEdge/lib/mono/unityjit-win32'
Mono config path = 'C:/Program Files/Unity/Hub/Editor/2022.2.11f1/Editor/Data/MonoBleedingEdge/etc'
Using monoOptions --debugger-agent=transport=dt_socket,embedding=1,server=y,suspend=n,address=127.0.0.1:56008
Begin MonoManager ReloadAssembly
Registering precompiled unity dll's ...
Register platform support module: C:/Program Files/Unity/Hub/Editor/2022.2.11f1/Editor/Data/PlaybackEngines/WebGLSupport/UnityEditor.WebGL.Extensions.dll
Register platform support module: C:/Program Files/Unity/Hub/Editor/2022.2.11f1/Editor/Data/PlaybackEngines/MacStandaloneSupport/UnityEditor.OSXStandalone.Extensions.dll
Register platform support module: C:/Program Files/Unity/Hub/Editor/2022.2.11f1/Editor/Data/PlaybackEngines/WindowsStandaloneSupport/UnityEditor.WindowsStandalone.Extensions.dll
Register platform support module: C:/Program Files/Unity/Hub/Editor/2022.2.11f1/Editor/Data/PlaybackEngines/MetroSupport/UnityEditor.UWP.Extensions.dll
Registered in 0.013880 seconds.
- Loaded All Assemblies, in  0.452 seconds
Native extension for UWP target not found
Native extension for WindowsStandalone target not found
Native extension for OSXStandalone target not found
Native extension for WebGL target not found
Mono: successfully reloaded assembly
- Finished resetting the current domain, in  0.422 seconds
Domain Reload Profiling:
	ReloadAssembly (257ms)
		BeginReloadAssembly (115ms)
			ExecutionOrderSort (0ms)
			DisableScriptedObjects (0ms)
			BackupInstance (0ms)
			ReleaseScriptingObjects (0ms)
			CreateAndSetChildDomain (1ms)
		LoadAllAssembliesAndSetupDomain (0ms)
			LoadAssemblies (113ms)
			RebuildTransferFunctionScriptingTraits (0ms)
			SetupTypeCache (183ms)
				TypeCache.Initialize (182ms)
					TypeCache.ScanAssembly (181ms)
				ResolveRequiredComponents (1ms)
		FinalizeReload (0ms)
			ReleaseScriptCaches (0ms)
			RebuildScriptCaches (0ms)
			SetupLoadedEditorAssemblies (319ms)
				LogAssemblyErrors (0ms)
				InitializePlatformSupportModulesInManaged (18ms)
				SetLoadedEditorAssemblies (8ms)
				RefreshPlugins (0ms)
				BeforeProcessingInitializeOnLoad (2ms)
				ProcessInitializeOnLoadAttributes (201ms)
				ProcessInitializeOnLoadMethodAttributes (90ms)
				AfterProcessingInitializeOnLoad (0ms)
				EditorAssembliesLoaded (0ms)
			ExecutionOrderSort2 (0ms)
			AwakeInstancesAfterBackupRestoration (0ms)
========================================================================
Worker process is ready to serve import requests
Begin MonoManager ReloadAssembly
Symbol file LoadedFromMemory doesn't match image C:\Users\elibo\Projects\elilearning\Mission Capstone\Library\PackageCache\com.unity.visualscripting@1.8.0\Editor\VisualScripting.Core\Dependencies\YamlDotNet\Unity.VisualScripting.YamlDotNet.dll
Symbol file LoadedFromMemory doesn't match image C:\Users\elibo\Projects\elilearning\Mission Capstone\Library\PackageCache\com.unity.visualscripting@1.8.0\Editor\VisualScripting.Core\Dependencies\DotNetZip\Unity.VisualScripting.IonicZip.dll
- Loaded All Assemblies, in  1.124 seconds
Refreshing native plugins compatible for Editor in 3.78 ms, found 3 plugins.
Native extension for UWP target not found
Native extension for WindowsStandalone target not found
Native extension for OSXStandalone target not found
Native extension for WebGL target not found
Mono: successfully reloaded assembly
- Finished resetting the current domain, in  0.765 seconds
Domain Reload Profiling:
	ReloadAssembly (367ms)
		BeginReloadAssembly (245ms)
			ExecutionOrderSort (0ms)
			DisableScriptedObjects (8ms)
			BackupInstance (0ms)
			ReleaseScriptingObjects (0ms)
			CreateAndSetChildDomain (32ms)
		LoadAllAssembliesAndSetupDomain (753ms)
			LoadAssemblies (406ms)
			RebuildTransferFunctionScriptingTraits (0ms)
			SetupTypeCache (448ms)
				TypeCache.Initialize (420ms)
					TypeCache.ScanAssembly (415ms)
				ResolveRequiredComponents (5ms)
		FinalizeReload (0ms)
			ReleaseScriptCaches (0ms)
			RebuildScriptCaches (0ms)
			SetupLoadedEditorAssemblies (531ms)
				LogAssemblyErrors (0ms)
				InitializePlatformSupportModulesInManaged (17ms)
				SetLoadedEditorAssemblies (5ms)
				RefreshPlugins (0ms)
				BeforeProcessingInitializeOnLoad (95ms)
				ProcessInitializeOnLoadAttributes (374ms)
				ProcessInitializeOnLoadMethodAttributes (31ms)
				AfterProcessingInitializeOnLoad (10ms)
				EditorAssembliesLoaded (0ms)
			ExecutionOrderSort2 (0ms)
			AwakeInstancesAfterBackupRestoration (14ms)
Launched and connected shader compiler UnityShaderCompiler.exe after 0.13 seconds
Refreshing native plugins compatible for Editor in 8.32 ms, found 3 plugins.
Preloading 0 native plugins for Editor in 0.00 ms.
Unloading 3118 Unused Serialized files (Serialized files now loaded: 0)
Unloading 31 unused Assets / (66.7 KB). Loaded Objects now: 3586.
Memory consumption went from 114.2 MB to 114.1 MB.
Total: 3.969000 ms (FindLiveObjects: 0.360700 ms CreateObjectMapping: 0.272800 ms MarkObjects: 3.176900 ms  DeleteObjects: 0.156300 ms)

AssetImportParameters requested are different than current active one (requested -> active):
  custom:container-demuxer-ogg: 62fdf1f143b41e24485cea50d1cbac27 -> 
  custom:video-codec-MediaFoundation-h265: 746d11721c4dcdbdad8f713fa42b33f4 -> 
  custom:video-decoder-ogg-theora: a1e56fd34408186e4bbccfd4996cb3dc -> 
  custom:framework-win-MediaFoundation: 216162199b28c13a410421893ffa2e32 -> 
  custom:container-demuxer-webm: 4f35f7cbe854078d1ac9338744f61a02 -> 
  custom:container-muxer-webm: aa71ff27fc2769a1b78a27578f13a17b -> 
  custom:video-decoder-webm-vp8: 9c59270c3fd7afecdb556c50c9e8de78 -> 
  custom:AudioImporter_EditorPlatform: d09bf68614088b80899f8185d706f6e7 -> 
  custom:video-encoder-webm-vp8: eb34c28f22e8b96e1ab97ce403110664 -> 
  custom:audio-decoder-ogg-vorbis: bf7c407c2cedff20999df2af8eb42d56 -> 
  custom:audio-encoder-webm-vorbis: bf7c407c2cedff20999df2af8eb42d56 -> 
========================================================================
Received Import Request.
  Time since last request: 394.975866 seconds.
  path: Assets/SimpleNaturePack/Scenes/SimpleNaturePack_Demo.unity
  artifactKey: Guid(5e7af4bd95ac53a4cb784a9eedf8f6f9) Importer(815301076,1909f56bfc062723c751e8b465ee728b)
Start importing Assets/SimpleNaturePack/Scenes/SimpleNaturePack_Demo.unity using Guid(5e7af4bd95ac53a4cb784a9eedf8f6f9) Importer(815301076,1909f56bfc062723c751e8b465ee728b)  -> (artifact id: 'f1d211c6631c622855a98b6caed5e88b') in 0.004482 seconds 
Number of updated asset objects reloaded before import = 0
Number of asset objects unloaded after import = 0
========================================================================
Received Import Request.
  Time since last request: 2.422929 seconds.
  path: Assets/SimpleNaturePack/Scenes/SimpleNaturePack_Overview.unity
  artifactKey: Guid(b818941d93326b949a3840a1d79ea88f) Importer(815301076,1909f56bfc062723c751e8b465ee728b)
Start importing Assets/SimpleNaturePack/Scenes/SimpleNaturePack_Overview.unity using Guid(b818941d93326b949a3840a1d79ea88f) Importer(815301076,1909f56bfc062723c751e8b465ee728b)  -> (artifact id: '53b99a9aca7871ee54b01e24e93928af') in 0.001094 seconds 
Number of updated asset objects reloaded before import = 0
Number of asset objects unloaded after import = 0
========================================================================
Received Import Request.
  Time since last request: 151.641687 seconds.
  path: Assets/Shipping Container Environment/Prefabs/Props/cardboard_box.prefab
  artifactKey: Guid(1415864e30878644080e5b3b32b16a5e) Importer(815301076,1909f56bfc062723c751e8b465ee728b)
Start importing Assets/Shipping Container Environment/Prefabs/Props/cardboard_box.prefab using Guid(1415864e30878644080e5b3b32b16a5e) Importer(815301076,1909f56bfc062723c751e8b465ee728b)  -> (artifact id: '14c963a4b80ce39c2b7fd192dfa6da24') in 0.195272 seconds 
Number of updated asset objects reloaded before import = 0
Number of asset objects unloaded after import = 13
========================================================================
Received Import Request.
  Time since last request: 0.000026 seconds.
  path: Assets/Zombie/Animations/Zombie@Z_Walk1.FBX
  artifactKey: Guid(1d31b4476a14a0246b2e0f023e8877fe) Importer(815301076,1909f56bfc062723c751e8b465ee728b)
Start importing Assets/Zombie/Animations/Zombie@Z_Walk1.FBX using Guid(1d31b4476a14a0246b2e0f023e8877fe) Importer(815301076,1909f56bfc062723c751e8b465ee728b)  -> (artifact id: '5e611c3ce24bea6e14f12651b28d92eb') in 0.281012 seconds 
Number of updated asset objects reloaded before import = 0
Number of asset objects unloaded after import = 172
========================================================================
Received Import Request.
  Time since last request: 0.000031 seconds.
  path: Assets/Zombie/Animations/Zombie@Z_Run.FBX
  artifactKey: Guid(55edd2c9d257d3f4481dfd16015bf8c1) Importer(815301076,1909f56bfc062723c751e8b465ee728b)
Start importing Assets/Zombie/Animations/Zombie@Z_Run.FBX using Guid(55edd2c9d257d3f4481dfd16015bf8c1) Importer(815301076,1909f56bfc062723c751e8b465ee728b)  -> (artifact id: '90bac05c6c94a92a3a0a69b3e830b89f') in 0.181892 seconds 
Number of updated asset objects reloaded before import = 0
Number of asset objects unloaded after import = 172
========================================================================
Received Import Request.
  Time since last request: 0.000032 seconds.
  path: Assets/Shipping Container Environment/Source/FBX/cardboard_box_2.fbx
  artifactKey: Guid(03721ba822c42564d85f232fd2776f7b) Importer(815301076,1909f56bfc062723c751e8b465ee728b)
Start importing Assets/Shipping Container Environment/Source/FBX/cardboard_box_2.fbx using Guid(03721ba822c42564d85f232fd2776f7b) Importer(815301076,1909f56bfc062723c751e8b465ee728b)  -> (artifact id: 'afbffefaf8ea648b67a03ba717b598da') in 0.022835 seconds 
Number of updated asset objects reloaded before import = 0
Number of asset objects unloaded after import = 14
========================================================================
Received Import Request.
  Time since last request: 0.000023 seconds.
  path: Assets/Shipping Container Environment/Prefabs/Props/cardboard_box_2.prefab
  artifactKey: Guid(6cb002f2d6ce18a4abfddcc3ff8ab902) Importer(815301076,1909f56bfc062723c751e8b465ee728b)
Start importing Assets/Shipping Container Environment/Prefabs/Props/cardboard_box_2.prefab using Guid(6cb002f2d6ce18a4abfddcc3ff8ab902) Importer(815301076,1909f56bfc062723c751e8b465ee728b)  -> (artifact id: '2bd6ecddfa7d7cec4526d1b49bfbf23e') in 0.017765 seconds 
Number of updated asset objects reloaded before import = 0
Number of asset objects unloaded after import = 13
========================================================================
Received Import Request.
  Time since last request: 0.000039 seconds.
  path: Assets/TextMesh Pro/Examples & Extras/Resources/Color Gradient Presets/Light to Dark Green - Vertical.asset
  artifactKey: Guid(5cf8ae092ca54931b443bec5148f3c59) Importer(815301076,1909f56bfc062723c751e8b465ee728b)
Start importing Assets/TextMesh Pro/Examples & Extras/Resources/Color Gradient Presets/Light to Dark Green - Vertical.asset using Guid(5cf8ae092ca54931b443bec5148f3c59) Importer(815301076,1909f56bfc062723c751e8b465ee728b)  -> (artifact id: '8888f7c04b1f22a67dc40cf5086f7fa2') in 0.002574 seconds 
Number of updated asset objects reloaded before import = 0
Number of asset objects unloaded after import = 1
========================================================================
Received Import Request.
  Time since last request: 0.000031 seconds.
  path: Assets/Zombie/Animations/Zombie@Z_Walk1_InPlace.FBX
  artifactKey: Guid(3fa7045af54b82c47852949257d136c7) Importer(815301076,1909f56bfc062723c751e8b465ee728b)
Start importing Assets/Zombie/Animations/Zombie@Z_Walk1_InPlace.FBX using Guid(3fa7045af54b82c47852949257d136c7) Importer(815301076,1909f56bfc062723c751e8b465ee728b)  -> (artifact id: '435d2c03efd805aed79c84cbc46bf464') in 0.169384 seconds 
Number of updated asset objects reloaded before import = 0
Number of asset objects unloaded after import = 172
========================================================================
Received Import Request.
  Time since last request: 0.000035 seconds.
  path: Assets/Zombie/Animations/Zombie@Z_Run_InPlace.FBX
  artifactKey: Guid(79969b20b5ba62e499ee433a4dd38701) Importer(815301076,1909f56bfc062723c751e8b465ee728b)
Start importing Assets/Zombie/Animations/Zombie@Z_Run_InPlace.FBX using Guid(79969b20b5ba62e499ee433a4dd38701) Importer(815301076,1909f56bfc062723c751e8b465ee728b)  -> (artifact id: '51cc711b91caa466121b8a515bf6a787') in 0.157538 seconds 
Number of updated asset objects reloaded before import = 0
Number of asset objects unloaded after import = 172
========================================================================
Received Import Request.
  Time since last request: 240.400354 seconds.
  path: Assets/PhysicalCharacterController/Prefabs/Player.prefab
  artifactKey: Guid(4995aabaa7975234d9ce4b17cc800c7c) Importer(815301076,1909f56bfc062723c751e8b465ee728b)
Start importing Assets/PhysicalCharacterController/Prefabs/Player.prefab using Guid(4995aabaa7975234d9ce4b17cc800c7c) Importer(815301076,1909f56bfc062723c751e8b465ee728b)  -> (artifact id: '3ccb3cf577b9203d242bb147e344ca5f') in 0.061713 seconds 
Number of updated asset objects reloaded before import = 0
Number of asset objects unloaded after import = 30
========================================================================
Received Import Request.
  Time since last request: 0.007239 seconds.
  path: Assets/SimpleNaturePack/Materials/SimpleNaturePack_Texture_01.mat
  artifactKey: Guid(93caadf4359ae8143aad35b3145d31af) Importer(815301076,1909f56bfc062723c751e8b465ee728b)
Start importing Assets/SimpleNaturePack/Materials/SimpleNaturePack_Texture_01.mat using Guid(93caadf4359ae8143aad35b3145d31af) Importer(815301076,1909f56bfc062723c751e8b465ee728b)  -> (artifact id: '7a487e8f900b1c3860a0eda1d564c6e1') in 0.100680 seconds 
Number of updated asset objects reloaded before import = 0
Number of asset objects unloaded after import = 2
========================================================================
Received Import Request.
  Time since last request: 0.000031 seconds.
  path: Assets/SimpleNaturePack/Materials/SimpleNaturePack_BG.mat
  artifactKey: Guid(886ecf0ee44718246aa083d8aad49b79) Importer(815301076,1909f56bfc062723c751e8b465ee728b)
Start importing Assets/SimpleNaturePack/Materials/SimpleNaturePack_BG.mat using Guid(886ecf0ee44718246aa083d8aad49b79) Importer(815301076,1909f56bfc062723c751e8b465ee728b)  -> (artifact id: 'e7a925a7ab74ecfb180ced3106b5b624') in 0.310319 seconds 
Number of updated asset objects reloaded before import = 0
Number of asset objects unloaded after import = 1
========================================================================
Received Import Request.
  Time since last request: 17.857688 seconds.
  path: Assets/SimpleNaturePack/Prefabs/Bush_01.prefab
  artifactKey: Guid(3cdafb3c2f54d434894928d72d282874) Importer(815301076,1909f56bfc062723c751e8b465ee728b)
Start importing Assets/SimpleNaturePack/Prefabs/Bush_01.prefab using Guid(3cdafb3c2f54d434894928d72d282874) Importer(815301076,1909f56bfc062723c751e8b465ee728b)  -> (artifact id: '61655ba65b0e850f52c751b85b933baf') in 0.029780 seconds 
Number of updated asset objects reloaded before import = 0
Number of asset objects unloaded after import = 10
========================================================================
Received Import Request.
  Time since last request: 0.000037 seconds.
  path: Assets/SimpleNaturePack/Prefabs/Grass_01.prefab
  artifactKey: Guid(f1fc5bb90ac285e4486771552d63bcb8) Importer(815301076,1909f56bfc062723c751e8b465ee728b)
Start importing Assets/SimpleNaturePack/Prefabs/Grass_01.prefab using Guid(f1fc5bb90ac285e4486771552d63bcb8) Importer(815301076,1909f56bfc062723c751e8b465ee728b)  -> (artifact id: 'f4ab999797050f23a77e520f75bc0f56') in 0.027482 seconds 
Number of updated asset objects reloaded before import = 0
Number of asset objects unloaded after import = 10
========================================================================
Received Import Request.
  Time since last request: 0.000123 seconds.
  path: Assets/SimpleNaturePack/Prefabs/Ground_01.prefab
  artifactKey: Guid(ebee340de387f334f9ac44e044abd8fb) Importer(815301076,1909f56bfc062723c751e8b465ee728b)
Start importing Assets/SimpleNaturePack/Prefabs/Ground_01.prefab using Guid(ebee340de387f334f9ac44e044abd8fb) Importer(815301076,1909f56bfc062723c751e8b465ee728b)  -> (artifact id: 'be83f212f43817d44f14cc8185625880') in 0.028998 seconds 
Number of updated asset objects reloaded before import = 0
Number of asset objects unloaded after import = 10
========================================================================
Received Import Request.
  Time since last request: 0.000072 seconds.
  path: Assets/SimpleNaturePack/Prefabs/Rock_02.prefab
  artifactKey: Guid(cebfacc247a640945a2c30b442202fca) Importer(815301076,1909f56bfc062723c751e8b465ee728b)
Start importing Assets/SimpleNaturePack/Prefabs/Rock_02.prefab using Guid(cebfacc247a640945a2c30b442202fca) Importer(815301076,1909f56bfc062723c751e8b465ee728b)  -> (artifact id: 'd3736cfbb60d9b18a34c95aaaba6e14f') in 0.028888 seconds 
Number of updated asset objects reloaded before import = 0
Number of asset objects unloaded after import = 10
========================================================================
Received Import Request.
  Time since last request: 0.000031 seconds.
  path: Assets/SimpleNaturePack/Prefabs/Tree_01.prefab
  artifactKey: Guid(88f2fd29f58b9734683512546acec310) Importer(815301076,1909f56bfc062723c751e8b465ee728b)
Start importing Assets/SimpleNaturePack/Prefabs/Tree_01.prefab using Guid(88f2fd29f58b9734683512546acec310) Importer(815301076,1909f56bfc062723c751e8b465ee728b)  -> (artifact id: 'd6d5cc03be6f9414e510b0a3c274a354') in 0.031257 seconds 
Number of updated asset objects reloaded before import = 0
Number of asset objects unloaded after import = 10
========================================================================
Received Import Request.
  Time since last request: 0.000089 seconds.
  path: Assets/SimpleNaturePack/Prefabs/Ground_03.prefab
  artifactKey: Guid(3f9b178ccd3b86f4ebbfc1f5a2815e56) Importer(815301076,1909f56bfc062723c751e8b465ee728b)
Start importing Assets/SimpleNaturePack/Prefabs/Ground_03.prefab using Guid(3f9b178ccd3b86f4ebbfc1f5a2815e56) Importer(815301076,1909f56bfc062723c751e8b465ee728b)  -> (artifact id: '9d4304867103ab8b4d3fd3b6387c5d20') in 0.205687 seconds 
Number of updated asset objects reloaded before import = 0
Number of asset objects unloaded after import = 10
========================================================================
Received Import Request.
  Time since last request: 0.000023 seconds.
  path: Assets/SimpleNaturePack/Prefabs/Mushroom_02.prefab
  artifactKey: Guid(494f6d43e170e9145bc7865d243ee00b) Importer(815301076,1909f56bfc062723c751e8b465ee728b)
Start importing Assets/SimpleNaturePack/Prefabs/Mushroom_02.prefab using Guid(494f6d43e170e9145bc7865d243ee00b) Importer(815301076,1909f56bfc062723c751e8b465ee728b)  -> (artifact id: '74733418502e7dedfd41c3105ce83b65') in 0.024074 seconds 
Number of updated asset objects reloaded before import = 0
Number of asset objects unloaded after import = 10
========================================================================
Received Import Request.
  Time since last request: 0.000037 seconds.
  path: Assets/SimpleNaturePack/Prefabs/Grass_02.prefab
  artifactKey: Guid(ffbddc4ef9676cc419e81e06aaa836d8) Importer(815301076,1909f56bfc062723c751e8b465ee728b)
Start importing Assets/SimpleNaturePack/Prefabs/Grass_02.prefab using Guid(ffbddc4ef9676cc419e81e06aaa836d8) Importer(815301076,1909f56bfc062723c751e8b465ee728b)  -> (artifact id: 'b6bf94f78d4df7e62d6776d836180e48') in 0.027444 seconds 
Number of updated asset objects reloaded before import = 0
Number of asset objects unloaded after import = 10
========================================================================
Received Import Request.
  Time since last request: 0.000095 seconds.
  path: Assets/SimpleNaturePack/Prefabs/Rock_03.prefab
  artifactKey: Guid(0fde05fa0f3321942a21896ff4f0856f) Importer(815301076,1909f56bfc062723c751e8b465ee728b)
Start importing Assets/SimpleNaturePack/Prefabs/Rock_03.prefab using Guid(0fde05fa0f3321942a21896ff4f0856f) Importer(815301076,1909f56bfc062723c751e8b465ee728b)  -> (artifact id: 'db8315ebaeecaa71af76b04664afde17') in 0.022221 seconds 
Number of updated asset objects reloaded before import = 0
Number of asset objects unloaded after import = 10
========================================================================
Received Import Request.
  Time since last request: 0.000160 seconds.
  path: Assets/SimpleNaturePack/Prefabs/Rock_05.prefab
  artifactKey: Guid(a778b631c6253a04899cb31bad047c81) Importer(815301076,1909f56bfc062723c751e8b465ee728b)
Start importing Assets/SimpleNaturePack/Prefabs/Rock_05.prefab using Guid(a778b631c6253a04899cb31bad047c81) Importer(815301076,1909f56bfc062723c751e8b465ee728b)  -> (artifact id: 'c36d31891acb6a4fe10f307d779c374d') in 0.025744 seconds 
Number of updated asset objects reloaded before import = 0
Number of asset objects unloaded after import = 10
========================================================================
Received Import Request.
  Time since last request: 0.000033 seconds.
  path: Assets/SimpleNaturePack/Prefabs/Ground_02.prefab
  artifactKey: Guid(e2e682b966e3f644392ffbfab511e0e2) Importer(815301076,1909f56bfc062723c751e8b465ee728b)
Start importing Assets/SimpleNaturePack/Prefabs/Ground_02.prefab using Guid(e2e682b966e3f644392ffbfab511e0e2) Importer(815301076,1909f56bfc062723c751e8b465ee728b)  -> (artifact id: 'db53a4682daa00f1ebfadcf4580c796a') in 0.023140 seconds 
Number of updated asset objects reloaded before import = 0
Number of asset objects unloaded after import = 10
========================================================================
Received Import Request.
  Time since last request: 0.000100 seconds.
  path: Assets/SimpleNaturePack/Prefabs/Flowers_02.prefab
  artifactKey: Guid(299e7a1cb6456cf4fa6079cf5978df9b) Importer(815301076,1909f56bfc062723c751e8b465ee728b)
Start importing Assets/SimpleNaturePack/Prefabs/Flowers_02.prefab using Guid(299e7a1cb6456cf4fa6079cf5978df9b) Importer(815301076,1909f56bfc062723c751e8b465ee728b)  -> (artifact id: '89578ad232b8a848a1c09dc4c686d600') in 0.022415 seconds 
Number of updated asset objects reloaded before import = 0
Number of asset objects unloaded after import = 10
========================================================================
Received Import Request.
  Time since last request: 126.050857 seconds.
  path: Assets/Shipping Container Environment/Prefabs/Structures/panel_metal_1.prefab
  artifactKey: Guid(6301273c6e81359458257b63d3a33822) Importer(815301076,1909f56bfc062723c751e8b465ee728b)
Start importing Assets/Shipping Container Environment/Prefabs/Structures/panel_metal_1.prefab using Guid(6301273c6e81359458257b63d3a33822) Importer(815301076,1909f56bfc062723c751e8b465ee728b)  -> (artifact id: '020031e850c1e31d3e77ebdba240d95b') in 0.047531 seconds 
Number of updated asset objects reloaded before import = 0
Number of asset objects unloaded after import = 13
========================================================================
Received Import Request.
  Time since last request: 0.000021 seconds.
  path: Assets/Shipping Container Environment/Prefabs/Structures/panel_walkway_1.prefab
  artifactKey: Guid(75d4100ce46faef4e8a65afd1ee806e6) Importer(815301076,1909f56bfc062723c751e8b465ee728b)
Start importing Assets/Shipping Container Environment/Prefabs/Structures/panel_walkway_1.prefab using Guid(75d4100ce46faef4e8a65afd1ee806e6) Importer(815301076,1909f56bfc062723c751e8b465ee728b)  -> (artifact id: '75aeb3f27d216a6402c5ae2cd125b7f2') in 0.025030 seconds 
Number of updated asset objects reloaded before import = 0
Number of asset objects unloaded after import = 13
========================================================================
Received Import Request.
  Time since last request: 0.000021 seconds.
  path: Assets/Shipping Container Environment/Prefabs/Structures/rail_2.prefab
  artifactKey: Guid(997a5cb6c5f4dd04fab320a8e88267c3) Importer(815301076,1909f56bfc062723c751e8b465ee728b)
Start importing Assets/Shipping Container Environment/Prefabs/Structures/rail_2.prefab using Guid(997a5cb6c5f4dd04fab320a8e88267c3) Importer(815301076,1909f56bfc062723c751e8b465ee728b)  -> (artifact id: 'e84a0859b59985ca44888b4378692557') in 0.027374 seconds 
Number of updated asset objects reloaded before import = 0
Number of asset objects unloaded after import = 13
========================================================================
Received Import Request.
  Time since last request: 0.000019 seconds.
  path: Assets/Shipping Container Environment/Prefabs/Structures/shelf_2.prefab
  artifactKey: Guid(1b847fd2201e94c40b39ba9e89726139) Importer(815301076,1909f56bfc062723c751e8b465ee728b)
Start importing Assets/Shipping Container Environment/Prefabs/Structures/shelf_2.prefab using Guid(1b847fd2201e94c40b39ba9e89726139) Importer(815301076,1909f56bfc062723c751e8b465ee728b)  -> (artifact id: 'a8be11b5b6f13e67a9026a39ba291baa') in 0.025003 seconds 
Number of updated asset objects reloaded before import = 0
Number of asset objects unloaded after import = 13
========================================================================
Received Import Request.
  Time since last request: 0.000031 seconds.
  path: Assets/Shipping Container Environment/Prefabs/Structures/ramp_support_1.prefab
  artifactKey: Guid(74da09657127d824ba48e147553447bd) Importer(815301076,1909f56bfc062723c751e8b465ee728b)
Start importing Assets/Shipping Container Environment/Prefabs/Structures/ramp_support_1.prefab using Guid(74da09657127d824ba48e147553447bd) Importer(815301076,1909f56bfc062723c751e8b465ee728b)  -> (artifact id: '0c3dcdc691a51f486fdd41b27ac768b9') in 0.026537 seconds 
Number of updated asset objects reloaded before import = 0
Number of asset objects unloaded after import = 13
========================================================================
Received Import Request.
  Time since last request: 0.000027 seconds.
  path: Assets/Shipping Container Environment/Prefabs/Structures/panel_metal_4.prefab
  artifactKey: Guid(28b9aaf4a164fea4a94d7014ab993c1b) Importer(815301076,1909f56bfc062723c751e8b465ee728b)
Start importing Assets/Shipping Container Environment/Prefabs/Structures/panel_metal_4.prefab using Guid(28b9aaf4a164fea4a94d7014ab993c1b) Importer(815301076,1909f56bfc062723c751e8b465ee728b)  -> (artifact id: 'f7e4acc6076c8db928d61248a175aac8') in 0.031412 seconds 
Number of updated asset objects reloaded before import = 0
Number of asset objects unloaded after import = 13
========================================================================
Received Import Request.
  Time since last request: 0.000112 seconds.
  path: Assets/Shipping Container Environment/Prefabs/Structures/panel_metal_2.prefab
  artifactKey: Guid(ecb92471f13751f498e4be63c852c295) Importer(815301076,1909f56bfc062723c751e8b465ee728b)
Start importing Assets/Shipping Container Environment/Prefabs/Structures/panel_metal_2.prefab using Guid(ecb92471f13751f498e4be63c852c295) Importer(815301076,1909f56bfc062723c751e8b465ee728b)  -> (artifact id: 'f4f59f7119f7b8047d2349a596d06918') in 0.029150 seconds 
Number of updated asset objects reloaded before import = 0
Number of asset objects unloaded after import = 13
========================================================================
Received Import Request.
  Time since last request: 0.000071 seconds.
  path: Assets/Shipping Container Environment/Prefabs/Structures/shelf_1.prefab
  artifactKey: Guid(355ac3a00e9e88749aa1c18a7dccddf1) Importer(815301076,1909f56bfc062723c751e8b465ee728b)
Start importing Assets/Shipping Container Environment/Prefabs/Structures/shelf_1.prefab using Guid(355ac3a00e9e88749aa1c18a7dccddf1) Importer(815301076,1909f56bfc062723c751e8b465ee728b)  -> (artifact id: '9e581afde2c3962babf20d715dad59d9') in 0.033814 seconds 
Number of updated asset objects reloaded before import = 0
Number of asset objects unloaded after import = 13
Editor requested this worker to shutdown with reason: Scaling down because of idle timeout
TcpMessagingSession - receive error: operation aborted. errorcode: 995, details: The I/O operation has been aborted because of either a thread exit or an application request.
AssetImportWorker is now disconnected from the server
Process exiting
Exiting without the bug reporter. Application will terminate with return code 0